   0.00000000       0.00000000    
   2.06992817       7.96126202E-02
   4.06024647       7.96126202E-02
   6.05056477       7.96126202E-02
   8.04088306       7.96126202E-02
   10.0312014       7.96126202E-02
   12.0215197       7.96126202E-02
   14.0118380       7.96126053E-02
   16.0021553       7.96124861E-02
   18.0720844       7.96117187E-02
   20.0623398       7.96082318E-02
   22.0524197       7.95965940E-02
   24.0420265       7.95705095E-02
   26.0308819       7.95419216E-02
   28.0191097       7.95106962E-02
   30.0017624       7.89606348E-02
   32.0391541       7.78093785E-02
   34.0560112       7.76221305E-02
   36.0025291       7.80822411E-02
   38.0393906       7.85434693E-02
   40.0019913       7.86146149E-02
   42.0377388       7.74855167E-02
   44.0296898       7.61555359E-02
   46.0085335       7.61383250E-02
   48.0649147       7.61499032E-02
   50.0447006       7.61923417E-02
   52.0265160       7.58583993E-02
   54.0539284       7.43986145E-02
   56.0610619       7.44559988E-02
   58.0736389       7.45605975E-02
   60.0109673       7.45100230E-02
   62.0246429       7.46989325E-02
   64.0211411       7.34125748E-02
   66.0038223       7.35528246E-02
   68.0656967       7.36429766E-02
   70.0585403       7.40620717E-02
   72.0686646       7.47724026E-02
   74.0719299       7.34680593E-02
   76.0308914       7.16924742E-02
   78.0136108       7.00736716E-02
   80.0536118       7.12952837E-02
   82.0222092       7.37067237E-02
   84.0017090       7.29118139E-02
   86.0283737       7.18028247E-02
   88.0131302       6.99067190E-02
   90.0171585       6.87700361E-02
   92.0480347       6.66838735E-02
   94.0227051       6.51302412E-02
   96.0165482       6.76384494E-02
   98.0648727       6.81504011E-02
   100.010513       6.60896003E-02
   102.025551       6.39630854E-02
   104.024300       6.48722425E-02
   106.056816       6.55827597E-02
   108.053154       6.73958436E-02
   110.041435       6.97190464E-02
   112.050797       7.48891458E-02
   114.073753       7.44587928E-02
   116.069595       7.33721852E-02
   118.039413       7.28958249E-02
   120.032425       7.42463768E-02
   122.060066       7.61575401E-02
   124.051613       7.61090815E-02
   126.015930       7.54221380E-02
   128.058777       7.59232715E-02
   130.028183       7.53396302E-02
   132.055695       7.47571737E-02
   134.005676       7.53451884E-02
   136.038498       7.51911104E-02
   138.070663       7.53667951E-02
   140.030548       7.53640458E-02
   142.039185       7.34567419E-02
   144.016983       7.31210858E-02
   146.065186       7.32418299E-02
   148.044739       7.33692124E-02
   150.031113       7.38256574E-02
   152.029251       7.39651024E-02
   154.025681       7.38786608E-02
   156.019241       7.38023892E-02
   158.009506       7.36288428E-02
   160.068085       7.34034181E-02
   162.046829       7.31137618E-02
   164.015274       7.26982802E-02
   166.041748       7.20589906E-02
   168.048859       7.13248849E-02
   170.034271       7.05125928E-02
   172.059540       6.91961050E-02
   174.038193       6.75199851E-02
   176.049088       6.65269867E-02
   178.047943       6.71850219E-02
   180.018448       6.86377808E-02
   182.053177       6.72499612E-02
   184.061539       6.76407143E-02
   186.037918       6.87287971E-02
   188.058609       7.07419366E-02
   190.055878       7.14198500E-02
   192.048325       7.08174631E-02
   194.018951       6.98843971E-02
   196.032455       6.90520406E-02
   198.014877       6.79184645E-02
