   0.00000000       0.00000000    
   2.00071859       9.92951021E-02
   4.06180048       9.69609171E-02
   6.09253263       9.65238586E-02
   8.02221394       9.63905305E-02
   10.0374870       9.59735587E-02
   12.0573587       9.63782594E-02
   14.0862350       9.68239158E-02
   16.0261230       9.67631862E-02
   18.0381432       9.51646417E-02
   20.0257626       9.42750052E-02
   22.0029373       9.41725522E-02
   24.0772915       9.44919810E-02
   26.0668411       9.48568210E-02
   28.0556526       9.44555923E-02
   30.0326710       9.38700512E-02
   32.0027695       9.38543901E-02
   34.0631752       9.35800746E-02
   36.0307541       9.38885510E-02
   38.0896683       9.25175920E-02
   40.0309563       9.26236957E-02
   42.0794525       9.36466902E-02
   44.0512962       9.38402787E-02
   46.0207138       9.37660933E-02
   48.0834618       9.37614664E-02
   50.0516930       9.36980024E-02
   52.0203590       9.38082263E-02
   54.0842934       9.37121958E-02
   56.0429115       9.28484648E-02
   58.0774269       9.22019109E-02
   60.0098190       9.19038206E-02
   62.0316696       9.19672549E-02
   64.0576019       9.22297463E-02
   66.0899582       9.24941897E-02
   68.0363617       9.29015726E-02
   70.0863037       9.34411734E-02
   72.0479736       9.31504741E-02
   74.0929642       9.32101756E-02
   76.0759811       9.53810513E-02
   78.0755844       9.50798169E-02
   80.0710602       9.49916393E-02
   82.0673523       9.51442271E-02
   84.0644150       9.49517488E-02
   86.0565720       9.48136151E-02
   88.0500183       9.50514153E-02
   90.0456314       9.50337276E-02
   92.0454483       9.55673307E-02
   94.0540390       9.57953706E-02
   96.0669785       9.58894864E-02
   98.0689316       9.47792307E-02
   100.057106       9.46811885E-02
   102.047394       9.49120671E-02
   104.044876       9.45320353E-02
   106.005928       9.27956775E-02
   108.043228       9.25995484E-02
   110.086975       9.32398513E-02
   112.043610       9.30353329E-02
   114.087708       9.27535072E-02
   116.025215       9.19682533E-02
   118.044571       9.17290971E-02
   120.069221       9.22449380E-02
   122.008865       9.24834386E-02
   124.049332       9.30336043E-02
   126.003418       9.29468870E-02
   128.047287       9.29396749E-02
   130.091812       9.29339528E-02
   132.040512       9.26384479E-02
   134.079422       9.28342044E-02
   136.033981       9.33549553E-02
   138.084534       9.29338038E-02
   140.030975       9.25147012E-02
   142.072113       9.31928828E-02
   144.027161       9.30797458E-02
   146.078156       9.34618339E-02
   148.048004       9.40467045E-02
   150.026108       9.40735266E-02
   152.089142       9.35292691E-02
   154.051315       9.33839530E-02
   156.012360       9.33797956E-02
   158.067154       9.34359804E-02
   160.032120       9.37012583E-02
   162.000504       9.37097743E-02
   164.060745       9.36197564E-02
   166.031799       9.46020782E-02
   168.028076       9.51211601E-02
   170.027328       9.52287018E-02
   172.024796       9.50009748E-02
   174.019653       9.50269625E-02
   176.018250       9.53258425E-02
   178.024872       9.57533345E-02
   180.040207       9.61710289E-02
   182.057724       9.58702117E-02
   184.065521       9.53746140E-02
   186.078079       9.55348909E-02
   188.081863       9.54494774E-02
   190.080673       9.49373618E-02
   192.070389       9.45856571E-02
   194.051895       9.41630155E-02
   196.031494       9.49370712E-02
   198.028503       9.47183743E-02
